# JRE version: OpenJDK Runtime Environment Temurin-21.0.8+9 (21.0.8+9) (build 21.0.8+9-LTS)
# Java VM: OpenJDK 64-Bit Server VM Temurin-21.0.8+9 (21.0.8+9-LTS, mixed mode, sharing, tiered, compressed oops, compressed class ptrs, parallel gc, windows-amd64)
GC Precious Log:
 CardTable entry size: 512
 CPUs: 12 total, 12 available
 Memory: 15693M
 Large Page Support: Disabled
 NUMA Support: Disabled
 Compressed Oops: Enabled (32-bit)
 Alignments: Space 512K, Generation 512K, Heap 2M
 Heap Min Capacity: 100M
 Heap Initial Capacity: 100M
 Heap Max Capacity: 2G
 Pre-touch: Disabled
 Parallel Workers: 10
Heap:
 PSYoungGen      total 5632K, used 4583K [0x00000000d5580000, 0x00000000d6180000, 0x0000000100000000)
  eden space 4608K, 80% used [0x00000000d5580000,0x00000000d5919e40,0x00000000d5a00000)
  from space 1024K, 87% used [0x00000000d5f80000,0x00000000d6060000,0x00000000d6080000)
  to   space 1024K, 0% used [0x00000000d6080000,0x00000000d6080000,0x00000000d6180000)
 ParOldGen       total 423424K, used 311092K [0x0000000080000000, 0x0000000099d80000, 0x00000000d5580000)
  object space 423424K, 73% used [0x0000000080000000,0x0000000092fcd3a8,0x0000000099d80000)
 Metaspace       used 76507K, committed 78080K, reserved 1179648K
  class space    used 9217K, committed 9920K, reserved 1048576K
GC Heap History (20 events):
Event: 104.381 GC heap before
{Heap before GC invocations=1055 (full 3):
 PSYoungGen      total 5120K, used 5120K [0x00000000d5580000, 0x00000000d6280000, 0x0000000100000000)
  eden space 2560K, 100% used [0x00000000d5580000,0x00000000d5800000,0x00000000d5800000)
  from space 2560K, 100% used [0x00000000d5800000,0x00000000d5a80000,0x00000000d5a80000)
  to   space 5120K, 0% used [0x00000000d5d80000,0x00000000d5d80000,0x00000000d6280000)
 ParOldGen       total 423424K, used 297435K [0x0000000080000000, 0x0000000099d80000, 0x00000000d5580000)
  object space 423424K, 70% used [0x0000000080000000,0x0000000092276cf8,0x0000000099d80000)
 Metaspace       used 76283K, committed 77760K, reserved 1179648K
  class space    used 9201K, committed 9856K, reserved 1048576K
}
Event: 104.386 GC heap after
{Heap after GC invocations=1055 (full 3):
 PSYoungGen      total 5632K, used 2528K [0x00000000d5580000, 0x00000000d6000000, 0x0000000100000000)
  eden space 3072K, 0% used [0x00000000d5580000,0x00000000d5580000,0x00000000d5880000)
  from space 2560K, 98% used [0x00000000d5d80000,0x00000000d5ff8000,0x00000000d6000000)
  to   space 3584K, 0% used [0x00000000d5900000,0x00000000d5900000,0x00000000d5c80000)
 ParOldGen       total 423424K, used 300003K [0x0000000080000000, 0x0000000099d80000, 0x00000000d5580000)
  object space 423424K, 70% used [0x0000000080000000,0x00000000924f8cf8,0x0000000099d80000)
 Metaspace       used 76283K, committed 77760K, reserved 1179648K
  class space    used 9201K, committed 9856K, reserved 1048576K
}
Event: 104.408 GC heap before
{Heap before GC invocations=1056 (full 3):
 PSYoungGen      total 5632K, used 5265K [0x00000000d5580000, 0x00000000d6000000, 0x0000000100000000)
  eden space 3072K, 89% used [0x00000000d5580000,0x00000000d582c688,0x00000000d5880000)
  from space 2560K, 98% used [0x00000000d5d80000,0x00000000d5ff8000,0x00000000d6000000)
  to   space 3584K, 0% used [0x00000000d5900000,0x00000000d5900000,0x00000000d5c80000)
 ParOldGen       total 423424K, used 300003K [0x0000000080000000, 0x0000000099d80000, 0x00000000d5580000)
  object space 423424K, 70% used [0x0000000080000000,0x00000000924f8cf8,0x0000000099d80000)
 Metaspace       used 76283K, committed 77760K, reserved 1179648K
  class space    used 9201K, committed 9856K, reserved 1048576K
}
Event: 104.412 GC heap after
{Heap after GC invocations=1056 (full 3):
 PSYoungGen      total 7168K, used 2513K [0x00000000d5580000, 0x00000000d5f80000, 0x0000000100000000)
  eden space 3584K, 0% used [0x00000000d5580000,0x00000000d5580000,0x00000000d5900000)
  from space 3584K, 70% used [0x00000000d5900000,0x00000000d5b747b0,0x00000000d5c80000)
  to   space 3072K, 0% used [0x00000000d5c80000,0x00000000d5c80000,0x00000000d5f80000)
 ParOldGen       total 423424K, used 302427K [0x0000000080000000, 0x0000000099d80000, 0x00000000d5580000)
  object space 423424K, 71% used [0x0000000080000000,0x0000000092756cf8,0x0000000099d80000)
 Metaspace       used 76283K, committed 77760K, reserved 1179648K
  class space    used 9201K, committed 9856K, reserved 1048576K
}
Event: 104.475 GC heap before
{Heap before GC invocations=1057 (full 3):
 PSYoungGen      total 7168K, used 5359K [0x00000000d5580000, 0x00000000d5f80000, 0x0000000100000000)
  eden space 3584K, 79% used [0x00000000d5580000,0x00000000d58474d8,0x00000000d5900000)
  from space 3584K, 70% used [0x00000000d5900000,0x00000000d5b747b0,0x00000000d5c80000)
  to   space 3072K, 0% used [0x00000000d5c80000,0x00000000d5c80000,0x00000000d5f80000)
 ParOldGen       total 423424K, used 302427K [0x0000000080000000, 0x0000000099d80000, 0x00000000d5580000)
  object space 423424K, 71% used [0x0000000080000000,0x0000000092756cf8,0x0000000099d80000)
 Metaspace       used 76286K, committed 77760K, reserved 1179648K
  class space    used 9201K, committed 9856K, reserved 1048576K
}
Event: 104.480 GC heap after
{Heap after GC invocations=1057 (full 3):
 PSYoungGen      total 7168K, used 2307K [0x00000000d5580000, 0x00000000d5f00000, 0x0000000100000000)
  eden space 4608K, 0% used [0x00000000d5580000,0x00000000d5580000,0x00000000d5a00000)
  from space 2560K, 90% used [0x00000000d5c80000,0x00000000d5ec0f50,0x00000000d5f00000)
  to   space 2560K, 0% used [0x00000000d5a00000,0x00000000d5a00000,0x00000000d5c80000)
 ParOldGen       total 423424K, used 304219K [0x0000000080000000, 0x0000000099d80000, 0x00000000d5580000)
  object space 423424K, 71% used [0x0000000080000000,0x0000000092916cf8,0x0000000099d80000)
 Metaspace       used 76286K, committed 77760K, reserved 1179648K
  class space    used 9201K, committed 9856K, reserved 1048576K
}
Event: 104.603 GC heap before
{Heap before GC invocations=1058 (full 3):
 PSYoungGen      total 7168K, used 6915K [0x00000000d5580000, 0x00000000d5f00000, 0x0000000100000000)
  eden space 4608K, 99% used [0x00000000d5580000,0x00000000d59ffeb8,0x00000000d5a00000)
  from space 2560K, 90% used [0x00000000d5c80000,0x00000000d5ec0f50,0x00000000d5f00000)
  to   space 2560K, 0% used [0x00000000d5a00000,0x00000000d5a00000,0x00000000d5c80000)
 ParOldGen       total 423424K, used 304219K [0x0000000080000000, 0x0000000099d80000, 0x00000000d5580000)
  object space 423424K, 71% used [0x0000000080000000,0x0000000092916cf8,0x0000000099d80000)
 Metaspace       used 76289K, committed 77760K, reserved 1179648K
  class space    used 9201K, committed 9856K, reserved 1048576K
}
Event: 104.611 GC heap after
{Heap after GC invocations=1058 (full 3):
 PSYoungGen      total 7168K, used 2535K [0x00000000d5580000, 0x00000000d6900000, 0x0000000100000000)
  eden space 4608K, 0% used [0x00000000d5580000,0x00000000d5580000,0x00000000d5a00000)
  from space 2560K, 99% used [0x00000000d5a00000,0x00000000d5c79ea0,0x00000000d5c80000)
  to   space 7680K, 0% used [0x00000000d6180000,0x00000000d6180000,0x00000000d6900000)
 ParOldGen       total 423424K, used 308450K [0x0000000080000000, 0x0000000099d80000, 0x00000000d5580000)
  object space 423424K, 72% used [0x0000000080000000,0x0000000092d38b98,0x0000000099d80000)
 Metaspace       used 76289K, committed 77760K, reserved 1179648K
  class space    used 9201K, committed 9856K, reserved 1048576K
}
Event: 104.938 GC heap before
{Heap before GC invocations=1059 (full 3):
 PSYoungGen      total 7168K, used 7143K [0x00000000d5580000, 0x00000000d6900000, 0x0000000100000000)
  eden space 4608K, 99% used [0x00000000d5580000,0x00000000d59fffc8,0x00000000d5a00000)
  from space 2560K, 99% used [0x00000000d5a00000,0x00000000d5c79ea0,0x00000000d5c80000)
  to   space 7680K, 0% used [0x00000000d6180000,0x00000000d6180000,0x00000000d6900000)
 ParOldGen       total 423424K, used 308450K [0x0000000080000000, 0x0000000099d80000, 0x00000000d5580000)
  object space 423424K, 72% used [0x0000000080000000,0x0000000092d38b98,0x0000000099d80000)
 Metaspace       used 76415K, committed 77888K, reserved 1179648K
  class space    used 9215K, committed 9856K, reserved 1048576K
}
Event: 104.941 GC heap after
{Heap after GC invocations=1059 (full 3):
 PSYoungGen      total 5120K, used 406K [0x00000000d5580000, 0x00000000d6200000, 0x0000000100000000)
  eden space 4608K, 0% used [0x00000000d5580000,0x00000000d5580000,0x00000000d5a00000)
  from space 512K, 79% used [0x00000000d6180000,0x00000000d61e58c0,0x00000000d6200000)
  to   space 3072K, 0% used [0x00000000d5c00000,0x00000000d5c00000,0x00000000d5f00000)
 ParOldGen       total 423424K, used 309910K [0x0000000080000000, 0x0000000099d80000, 0x00000000d5580000)
  object space 423424K, 73% used [0x0000000080000000,0x0000000092ea5ae8,0x0000000099d80000)
 Metaspace       used 76415K, committed 77888K, reserved 1179648K
  class space    used 9215K, committed 9856K, reserved 1048576K
}
Event: 105.327 GC heap before
{Heap before GC invocations=1060 (full 3):
 PSYoungGen      total 5120K, used 5014K [0x00000000d5580000, 0x00000000d6200000, 0x0000000100000000)
  eden space 4608K, 100% used [0x00000000d5580000,0x00000000d5a00000,0x00000000d5a00000)
  from space 512K, 79% used [0x00000000d6180000,0x00000000d61e58c0,0x00000000d6200000)
  to   space 3072K, 0% used [0x00000000d5c00000,0x00000000d5c00000,0x00000000d5f00000)
 ParOldGen       total 423424K, used 309910K [0x0000000080000000, 0x0000000099d80000, 0x00000000d5580000)
  object space 423424K, 73% used [0x0000000080000000,0x0000000092ea5ae8,0x0000000099d80000)
 Metaspace       used 76441K, committed 77888K, reserved 1179648K
  class space    used 9215K, committed 9856K, reserved 1048576K
}
Event: 105.328 GC heap after
{Heap after GC invocations=1060 (full 3):
 PSYoungGen      total 7680K, used 320K [0x00000000d5580000, 0x00000000d6200000, 0x0000000100000000)
  eden space 4608K, 0% used [0x00000000d5580000,0x00000000d5580000,0x00000000d5a00000)
  from space 3072K, 10% used [0x00000000d5c00000,0x00000000d5c50000,0x00000000d5f00000)
  to   space 1024K, 0% used [0x00000000d6100000,0x00000000d6100000,0x00000000d6200000)
 ParOldGen       total 423424K, used 310164K [0x0000000080000000, 0x0000000099d80000, 0x00000000d5580000)
  object space 423424K, 73% used [0x0000000080000000,0x0000000092ee53a8,0x0000000099d80000)
 Metaspace       used 76441K, committed 77888K, reserved 1179648K
  class space    used 9215K, committed 9856K, reserved 1048576K
}
Event: 105.690 GC heap before
{Heap before GC invocations=1061 (full 3):
 PSYoungGen      total 7680K, used 4927K [0x00000000d5580000, 0x00000000d6200000, 0x0000000100000000)
  eden space 4608K, 99% used [0x00000000d5580000,0x00000000d59fffa8,0x00000000d5a00000)
  from space 3072K, 10% used [0x00000000d5c00000,0x00000000d5c50000,0x00000000d5f00000)
  to   space 1024K, 0% used [0x00000000d6100000,0x00000000d6100000,0x00000000d6200000)
 ParOldGen       total 423424K, used 310164K [0x0000000080000000, 0x0000000099d80000, 0x00000000d5580000)
  object space 423424K, 73% used [0x0000000080000000,0x0000000092ee53a8,0x0000000099d80000)
 Metaspace       used 76483K, committed 77952K, reserved 1179648K
  class space    used 9215K, committed 9856K, reserved 1048576K
}
Event: 105.691 GC heap after
{Heap after GC invocations=1061 (full 3):
 PSYoungGen      total 5120K, used 320K [0x00000000d5580000, 0x00000000d6180000, 0x0000000100000000)
  eden space 4608K, 0% used [0x00000000d5580000,0x00000000d5580000,0x00000000d5a00000)
  from space 512K, 62% used [0x00000000d6100000,0x00000000d6150000,0x00000000d6180000)
  to   space 512K, 0% used [0x00000000d6080000,0x00000000d6080000,0x00000000d6100000)
 ParOldGen       total 423424K, used 310244K [0x0000000080000000, 0x0000000099d80000, 0x00000000d5580000)
  object space 423424K, 73% used [0x0000000080000000,0x0000000092ef93a8,0x0000000099d80000)
 Metaspace       used 76483K, committed 77952K, reserved 1179648K
  class space    used 9215K, committed 9856K, reserved 1048576K
}
Event: 105.742 GC heap before
{Heap before GC invocations=1062 (full 3):
 PSYoungGen      total 5120K, used 4927K [0x00000000d5580000, 0x00000000d6180000, 0x0000000100000000)
  eden space 4608K, 99% used [0x00000000d5580000,0x00000000d59ffe38,0x00000000d5a00000)
  from space 512K, 62% used [0x00000000d6100000,0x00000000d6150000,0x00000000d6180000)
  to   space 512K, 0% used [0x00000000d6080000,0x00000000d6080000,0x00000000d6100000)
 ParOldGen       total 423424K, used 310244K [0x0000000080000000, 0x0000000099d80000, 0x00000000d5580000)
  object space 423424K, 73% used [0x0000000080000000,0x0000000092ef93a8,0x0000000099d80000)
 Metaspace       used 76501K, committed 78080K, reserved 1179648K
  class space    used 9216K, committed 9920K, reserved 1048576K
}
Event: 105.743 GC heap after
{Heap after GC invocations=1062 (full 3):
 PSYoungGen      total 5120K, used 352K [0x00000000d5580000, 0x00000000d6180000, 0x0000000100000000)
  eden space 4608K, 0% used [0x00000000d5580000,0x00000000d5580000,0x00000000d5a00000)
  from space 512K, 68% used [0x00000000d6080000,0x00000000d60d8000,0x00000000d6100000)
  to   space 512K, 0% used [0x00000000d6100000,0x00000000d6100000,0x00000000d6180000)
 ParOldGen       total 423424K, used 310324K [0x0000000080000000, 0x0000000099d80000, 0x00000000d5580000)
  object space 423424K, 73% used [0x0000000080000000,0x0000000092f0d3a8,0x0000000099d80000)
 Metaspace       used 76501K, committed 78080K, reserved 1179648K
  class space    used 9216K, committed 9920K, reserved 1048576K
}
Event: 105.751 GC heap before
{Heap before GC invocations=1063 (full 3):
 PSYoungGen      total 5120K, used 4959K [0x00000000d5580000, 0x00000000d6180000, 0x0000000100000000)
  eden space 4608K, 99% used [0x00000000d5580000,0x00000000d59fffa0,0x00000000d5a00000)
  from space 512K, 68% used [0x00000000d6080000,0x00000000d60d8000,0x00000000d6100000)
  to   space 512K, 0% used [0x00000000d6100000,0x00000000d6100000,0x00000000d6180000)
 ParOldGen       total 423424K, used 310324K [0x0000000080000000, 0x0000000099d80000, 0x00000000d5580000)
  object space 423424K, 73% used [0x0000000080000000,0x0000000092f0d3a8,0x0000000099d80000)
 Metaspace       used 76501K, committed 78080K, reserved 1179648K
  class space    used 9216K, committed 9920K, reserved 1048576K
}
Event: 105.753 GC heap after
{Heap after GC invocations=1063 (full 3):
 PSYoungGen      total 5120K, used 512K [0x00000000d5580000, 0x00000000d6180000, 0x0000000100000000)
  eden space 4608K, 0% used [0x00000000d5580000,0x00000000d5580000,0x00000000d5a00000)
  from space 512K, 100% used [0x00000000d6100000,0x00000000d6180000,0x00000000d6180000)
  to   space 1024K, 0% used [0x00000000d5f80000,0x00000000d5f80000,0x00000000d6080000)
 ParOldGen       total 423424K, used 310676K [0x0000000080000000, 0x0000000099d80000, 0x00000000d5580000)
  object space 423424K, 73% used [0x0000000080000000,0x0000000092f653a8,0x0000000099d80000)
 Metaspace       used 76501K, committed 78080K, reserved 1179648K
  class space    used 9216K, committed 9920K, reserved 1048576K
}
Event: 106.744 GC heap before
{Heap before GC invocations=1064 (full 3):
 PSYoungGen      total 5120K, used 5120K [0x00000000d5580000, 0x00000000d6180000, 0x0000000100000000)
  eden space 4608K, 100% used [0x00000000d5580000,0x00000000d5a00000,0x00000000d5a00000)
  from space 512K, 100% used [0x00000000d6100000,0x00000000d6180000,0x00000000d6180000)
  to   space 1024K, 0% used [0x00000000d5f80000,0x00000000d5f80000,0x00000000d6080000)
 ParOldGen       total 423424K, used 310676K [0x0000000080000000, 0x0000000099d80000, 0x00000000d5580000)
  object space 423424K, 73% used [0x0000000080000000,0x0000000092f653a8,0x0000000099d80000)
 Metaspace       used 76501K, committed 78080K, reserved 1179648K
  class space    used 9216K, committed 9920K, reserved 1048576K
}
Event: 106.746 GC heap after
{Heap after GC invocations=1064 (full 3):
 PSYoungGen      total 5632K, used 896K [0x00000000d5580000, 0x00000000d6180000, 0x0000000100000000)
  eden space 4608K, 0% used [0x00000000d5580000,0x00000000d5580000,0x00000000d5a00000)
  from space 1024K, 87% used [0x00000000d5f80000,0x00000000d6060000,0x00000000d6080000)
  to   space 1024K, 0% used [0x00000000d6080000,0x00000000d6080000,0x00000000d6180000)
 ParOldGen       total 423424K, used 311092K [0x0000000080000000, 0x0000000099d80000, 0x00000000d5580000)
  object space 423424K, 73% used [0x0000000080000000,0x0000000092fcd3a8,0x0000000099d80000)
 Metaspace       used 76501K, committed 78080K, reserved 1179648K
  class space    used 9216K, committed 9920K, reserved 1048576K
}

