# JRE version: OpenJDK Runtime Environment Microsoft-10800295 (17.0.14+7) (build 17.0.14+7-LTS)
# Java VM: OpenJDK 64-Bit Server VM Microsoft-10800295 (17.0.14+7-LTS, mixed mode, sharing, tiered, compressed oops, compressed class ptrs, g1 gc, windows-amd64)
GC Precious Log:
 CPUs: 12 total, 12 available
 Memory: 15693M
 Large Page Support: Disabled
 NUMA Support: Disabled
 Compressed Oops: Enabled (32-bit)
 Heap Region Size: 1M
 Heap Min Capacity: 8M
 Heap Initial Capacity: 246M
 Heap Max Capacity: 2G
 Pre-touch: Disabled
 Parallel Workers: 10
 Concurrent Workers: 3
 Concurrent Refinement Workers: 10
 Periodic GC: Disabled
Heap:
 garbage-first heap   total 188416K, used 120787K [0x0000000080000000, 0x0000000100000000)
  region size 1024K, 34 young (34816K), 5 survivors (5120K)
 Metaspace       used 80223K, committed 81216K, reserved 557056K
  class space    used 11125K, committed 11584K, reserved 425984K
GC Heap History (20 events):
Event: 13.180 GC heap before
{Heap before GC invocations=26 (full 0):
 garbage-first heap   total 121856K, used 98447K [0x0000000080000000, 0x0000000100000000)
  region size 1024K, 30 young (30720K), 1 survivors (1024K)
 Metaspace       used 65719K, committed 66432K, reserved 491520K
  class space    used 9300K, committed 9664K, reserved 425984K
}
Event: 13.183 GC heap after
{Heap after GC invocations=27 (full 0):
 garbage-first heap   total 121856K, used 69996K [0x0000000080000000, 0x0000000100000000)
  region size 1024K, 3 young (3072K), 3 survivors (3072K)
 Metaspace       used 65719K, committed 66432K, reserved 491520K
  class space    used 9300K, committed 9664K, reserved 425984K
}
Event: 13.213 GC heap before
{Heap before GC invocations=27 (full 0):
 garbage-first heap   total 121856K, used 72044K [0x0000000080000000, 0x0000000100000000)
  region size 1024K, 5 young (5120K), 3 survivors (3072K)
 Metaspace       used 65832K, committed 66560K, reserved 491520K
  class space    used 9322K, committed 9664K, reserved 425984K
}
Event: 13.216 GC heap after
{Heap after GC invocations=28 (full 0):
 garbage-first heap   total 121856K, used 69416K [0x0000000080000000, 0x0000000100000000)
  region size 1024K, 1 young (1024K), 1 survivors (1024K)
 Metaspace       used 65832K, committed 66560K, reserved 491520K
  class space    used 9322K, committed 9664K, reserved 425984K
}
Event: 13.987 GC heap before
{Heap before GC invocations=28 (full 0):
 garbage-first heap   total 121856K, used 101160K [0x0000000080000000, 0x0000000100000000)
  region size 1024K, 32 young (32768K), 1 survivors (1024K)
 Metaspace       used 66635K, committed 67456K, reserved 491520K
  class space    used 9422K, committed 9792K, reserved 425984K
}
Event: 13.990 GC heap after
{Heap after GC invocations=29 (full 0):
 garbage-first heap   total 188416K, used 72420K [0x0000000080000000, 0x0000000100000000)
  region size 1024K, 4 young (4096K), 4 survivors (4096K)
 Metaspace       used 66635K, committed 67456K, reserved 491520K
  class space    used 9422K, committed 9792K, reserved 425984K
}
Event: 15.732 GC heap before
{Heap before GC invocations=30 (full 0):
 garbage-first heap   total 188416K, used 141028K [0x0000000080000000, 0x0000000100000000)
  region size 1024K, 71 young (72704K), 4 survivors (4096K)
 Metaspace       used 69339K, committed 70208K, reserved 491520K
  class space    used 9803K, committed 10176K, reserved 425984K
}
Event: 15.739 GC heap after
{Heap after GC invocations=31 (full 0):
 garbage-first heap   total 188416K, used 75669K [0x0000000080000000, 0x0000000100000000)
  region size 1024K, 7 young (7168K), 7 survivors (7168K)
 Metaspace       used 69339K, committed 70208K, reserved 491520K
  class space    used 9803K, committed 10176K, reserved 425984K
}
Event: 15.770 GC heap before
{Heap before GC invocations=31 (full 0):
 garbage-first heap   total 188416K, used 77717K [0x0000000080000000, 0x0000000100000000)
  region size 1024K, 9 young (9216K), 7 survivors (7168K)
 Metaspace       used 69405K, committed 70272K, reserved 491520K
  class space    used 9812K, committed 10240K, reserved 425984K
}
Event: 15.775 GC heap after
{Heap after GC invocations=32 (full 0):
 garbage-first heap   total 188416K, used 74490K [0x0000000080000000, 0x0000000100000000)
  region size 1024K, 2 young (2048K), 2 survivors (2048K)
 Metaspace       used 69405K, committed 70272K, reserved 491520K
  class space    used 9812K, committed 10240K, reserved 425984K
}
Event: 19.587 GC heap before
{Heap before GC invocations=32 (full 0):
 garbage-first heap   total 188416K, used 142074K [0x0000000080000000, 0x0000000100000000)
  region size 1024K, 69 young (70656K), 2 survivors (2048K)
 Metaspace       used 74302K, committed 75264K, reserved 491520K
  class space    used 10596K, committed 11072K, reserved 425984K
}
Event: 19.594 GC heap after
{Heap after GC invocations=33 (full 0):
 garbage-first heap   total 188416K, used 78835K [0x0000000080000000, 0x0000000100000000)
  region size 1024K, 6 young (6144K), 6 survivors (6144K)
 Metaspace       used 74302K, committed 75264K, reserved 491520K
  class space    used 10596K, committed 11072K, reserved 425984K
}
Event: 21.234 GC heap before
{Heap before GC invocations=33 (full 0):
 garbage-first heap   total 188416K, used 148467K [0x0000000080000000, 0x0000000100000000)
  region size 1024K, 72 young (73728K), 6 survivors (6144K)
 Metaspace       used 79400K, committed 80448K, reserved 557056K
  class space    used 11090K, committed 11584K, reserved 425984K
}
Event: 21.242 GC heap after
{Heap after GC invocations=34 (full 0):
 garbage-first heap   total 188416K, used 84628K [0x0000000080000000, 0x0000000100000000)
  region size 1024K, 7 young (7168K), 7 survivors (7168K)
 Metaspace       used 79400K, committed 80448K, reserved 557056K
  class space    used 11090K, committed 11584K, reserved 425984K
}
Event: 22.838 GC heap before
{Heap before GC invocations=34 (full 0):
 garbage-first heap   total 188416K, used 146068K [0x0000000080000000, 0x0000000100000000)
  region size 1024K, 68 young (69632K), 7 survivors (7168K)
 Metaspace       used 80129K, committed 81152K, reserved 557056K
  class space    used 11118K, committed 11584K, reserved 425984K
}
Event: 22.846 GC heap after
{Heap after GC invocations=35 (full 0):
 garbage-first heap   total 188416K, used 88197K [0x0000000080000000, 0x0000000100000000)
  region size 1024K, 6 young (6144K), 6 survivors (6144K)
 Metaspace       used 80129K, committed 81152K, reserved 557056K
  class space    used 11118K, committed 11584K, reserved 425984K
}
Event: 23.249 GC heap before
{Heap before GC invocations=35 (full 0):
 garbage-first heap   total 188416K, used 147589K [0x0000000080000000, 0x0000000100000000)
  region size 1024K, 65 young (66560K), 6 survivors (6144K)
 Metaspace       used 80175K, committed 81152K, reserved 557056K
  class space    used 11119K, committed 11584K, reserved 425984K
}
Event: 23.255 GC heap after
{Heap after GC invocations=36 (full 0):
 garbage-first heap   total 188416K, used 89713K [0x0000000080000000, 0x0000000100000000)
  region size 1024K, 4 young (4096K), 4 survivors (4096K)
 Metaspace       used 80175K, committed 81152K, reserved 557056K
  class space    used 11119K, committed 11584K, reserved 425984K
}
Event: 23.521 GC heap before
{Heap before GC invocations=36 (full 0):
 garbage-first heap   total 188416K, used 149105K [0x0000000080000000, 0x0000000100000000)
  region size 1024K, 63 young (64512K), 4 survivors (4096K)
 Metaspace       used 80178K, committed 81216K, reserved 557056K
  class space    used 11119K, committed 11584K, reserved 425984K
}
Event: 23.526 GC heap after
{Heap after GC invocations=37 (full 0):
 garbage-first heap   total 188416K, used 91091K [0x0000000080000000, 0x0000000100000000)
  region size 1024K, 5 young (5120K), 5 survivors (5120K)
 Metaspace       used 80178K, committed 81216K, reserved 557056K
  class space    used 11119K, committed 11584K, reserved 425984K
}

