# JRE version: OpenJDK Runtime Environment Microsoft-10800295 (17.0.14+7) (build 17.0.14+7-LTS)
# Java VM: OpenJDK 64-Bit Server VM Microsoft-10800295 (17.0.14+7-LTS, mixed mode, sharing, tiered, compressed oops, compressed class ptrs, g1 gc, windows-amd64)
GC Precious Log:
 CPUs: 12 total, 12 available
 Memory: 15693M
 Large Page Support: Disabled
 NUMA Support: Disabled
 Compressed Oops: Enabled (32-bit)
 Heap Region Size: 1M
 Heap Min Capacity: 8M
 Heap Initial Capacity: 246M
 Heap Max Capacity: 2G
 Pre-touch: Disabled
 Parallel Workers: 10
 Concurrent Workers: 3
 Concurrent Refinement Workers: 10
 Periodic GC: Disabled
Heap:
 garbage-first heap   total 229376K, used 142044K [0x0000000080000000, 0x0000000100000000)
  region size 1024K, 74 young (75776K), 1 survivors (1024K)
 Metaspace       used 69608K, committed 70464K, reserved 491520K
  class space    used 9915K, committed 10368K, reserved 425984K
GC Heap History (20 events):
Event: 9.593 GC heap before
{Heap before GC invocations=19 (full 0):
 garbage-first heap   total 107520K, used 59970K [0x0000000080000000, 0x0000000100000000)
  region size 1024K, 6 young (6144K), 5 survivors (5120K)
 Metaspace       used 56067K, committed 56832K, reserved 491520K
  class space    used 7885K, committed 8256K, reserved 425984K
}
Event: 9.596 GC heap after
{Heap after GC invocations=20 (full 0):
 garbage-first heap   total 107520K, used 58985K [0x0000000080000000, 0x0000000100000000)
  region size 1024K, 1 young (1024K), 1 survivors (1024K)
 Metaspace       used 56067K, committed 56832K, reserved 491520K
  class space    used 7885K, committed 8256K, reserved 425984K
}
Event: 9.973 GC heap before
{Heap before GC invocations=20 (full 0):
 garbage-first heap   total 107520K, used 85609K [0x0000000080000000, 0x0000000100000000)
  region size 1024K, 27 young (27648K), 1 survivors (1024K)
 Metaspace       used 57898K, committed 58624K, reserved 491520K
  class space    used 8148K, committed 8512K, reserved 425984K
}
Event: 9.975 GC heap after
{Heap after GC invocations=21 (full 0):
 garbage-first heap   total 107520K, used 59582K [0x0000000080000000, 0x0000000100000000)
  region size 1024K, 2 young (2048K), 2 survivors (2048K)
 Metaspace       used 57898K, committed 58624K, reserved 491520K
  class space    used 8148K, committed 8512K, reserved 425984K
}
Event: 10.336 GC heap before
{Heap before GC invocations=22 (full 0):
 garbage-first heap   total 107520K, used 86206K [0x0000000080000000, 0x0000000100000000)
  region size 1024K, 29 young (29696K), 2 survivors (2048K)
 Metaspace       used 60129K, committed 60864K, reserved 491520K
  class space    used 8476K, committed 8832K, reserved 425984K
}
Event: 10.339 GC heap after
{Heap after GC invocations=23 (full 0):
 garbage-first heap   total 107520K, used 60262K [0x0000000080000000, 0x0000000100000000)
  region size 1024K, 2 young (2048K), 2 survivors (2048K)
 Metaspace       used 60129K, committed 60864K, reserved 491520K
  class space    used 8476K, committed 8832K, reserved 425984K
}
Event: 10.400 GC heap before
{Heap before GC invocations=23 (full 0):
 garbage-first heap   total 107520K, used 63334K [0x0000000080000000, 0x0000000100000000)
  region size 1024K, 5 young (5120K), 2 survivors (2048K)
 Metaspace       used 60387K, committed 61056K, reserved 491520K
  class space    used 8514K, committed 8832K, reserved 425984K
}
Event: 10.403 GC heap after
{Heap after GC invocations=24 (full 0):
 garbage-first heap   total 107520K, used 60059K [0x0000000080000000, 0x0000000100000000)
  region size 1024K, 1 young (1024K), 1 survivors (1024K)
 Metaspace       used 60387K, committed 61056K, reserved 491520K
  class space    used 8514K, committed 8832K, reserved 425984K
}
Event: 10.687 GC heap before
{Heap before GC invocations=24 (full 0):
 garbage-first heap   total 107520K, used 78491K [0x0000000080000000, 0x0000000100000000)
  region size 1024K, 20 young (20480K), 1 survivors (1024K)
 Metaspace       used 61691K, committed 62400K, reserved 491520K
  class space    used 8754K, committed 9088K, reserved 425984K
}
Event: 10.690 GC heap after
{Heap after GC invocations=25 (full 0):
 garbage-first heap   total 107520K, used 60492K [0x0000000080000000, 0x0000000100000000)
  region size 1024K, 1 young (1024K), 1 survivors (1024K)
 Metaspace       used 61691K, committed 62400K, reserved 491520K
  class space    used 8754K, committed 9088K, reserved 425984K
}
Event: 11.148 GC heap before
{Heap before GC invocations=26 (full 0):
 garbage-first heap   total 111616K, used 92236K [0x0000000080000000, 0x0000000100000000)
  region size 1024K, 29 young (29696K), 1 survivors (1024K)
 Metaspace       used 63115K, committed 63744K, reserved 491520K
  class space    used 8966K, committed 9280K, reserved 425984K
}
Event: 11.151 GC heap after
{Heap after GC invocations=27 (full 0):
 garbage-first heap   total 111616K, used 64787K [0x0000000080000000, 0x0000000100000000)
  region size 1024K, 2 young (2048K), 2 survivors (2048K)
 Metaspace       used 63115K, committed 63744K, reserved 491520K
  class space    used 8966K, committed 9280K, reserved 425984K
}
Event: 11.191 GC heap before
{Heap before GC invocations=27 (full 0):
 garbage-first heap   total 111616K, used 67859K [0x0000000080000000, 0x0000000100000000)
  region size 1024K, 5 young (5120K), 2 survivors (2048K)
 Metaspace       used 63295K, committed 64064K, reserved 491520K
  class space    used 8999K, committed 9344K, reserved 425984K
}
Event: 11.194 GC heap after
{Heap after GC invocations=28 (full 0):
 garbage-first heap   total 111616K, used 64622K [0x0000000080000000, 0x0000000100000000)
  region size 1024K, 1 young (1024K), 1 survivors (1024K)
 Metaspace       used 63295K, committed 64064K, reserved 491520K
  class space    used 8999K, committed 9344K, reserved 425984K
}
Event: 11.563 GC heap before
{Heap before GC invocations=28 (full 0):
 garbage-first heap   total 111616K, used 92270K [0x0000000080000000, 0x0000000100000000)
  region size 1024K, 29 young (29696K), 1 survivors (1024K)
 Metaspace       used 64232K, committed 64960K, reserved 491520K
  class space    used 9131K, committed 9472K, reserved 425984K
}
Event: 11.566 GC heap after
{Heap after GC invocations=29 (full 0):
 garbage-first heap   total 111616K, used 67689K [0x0000000080000000, 0x0000000100000000)
  region size 1024K, 4 young (4096K), 4 survivors (4096K)
 Metaspace       used 64232K, committed 64960K, reserved 491520K
  class space    used 9131K, committed 9472K, reserved 425984K
}
Event: 11.941 GC heap before
{Heap before GC invocations=30 (full 0):
 garbage-first heap   total 119808K, used 92265K [0x0000000080000000, 0x0000000100000000)
  region size 1024K, 28 young (28672K), 4 survivors (4096K)
 Metaspace       used 64796K, committed 65536K, reserved 491520K
  class space    used 9183K, committed 9536K, reserved 425984K
}
Event: 11.945 GC heap after
{Heap after GC invocations=31 (full 0):
 garbage-first heap   total 119808K, used 69018K [0x0000000080000000, 0x0000000100000000)
  region size 1024K, 4 young (4096K), 4 survivors (4096K)
 Metaspace       used 64796K, committed 65536K, reserved 491520K
  class space    used 9183K, committed 9536K, reserved 425984K
}
Event: 11.949 GC heap before
{Heap before GC invocations=31 (full 0):
 garbage-first heap   total 119808K, used 70042K [0x0000000080000000, 0x0000000100000000)
  region size 1024K, 5 young (5120K), 4 survivors (4096K)
 Metaspace       used 64796K, committed 65536K, reserved 491520K
  class space    used 9183K, committed 9536K, reserved 425984K
}
Event: 11.953 GC heap after
{Heap after GC invocations=32 (full 0):
 garbage-first heap   total 229376K, used 68316K [0x0000000080000000, 0x0000000100000000)
  region size 1024K, 1 young (1024K), 1 survivors (1024K)
 Metaspace       used 64796K, committed 65536K, reserved 491520K
  class space    used 9183K, committed 9536K, reserved 425984K
}

